<?xml version="1.0" encoding="UTF-8"?>
<testsuite xmlns:xsi="http://www.w3.org/2001/XMLSchema-instance" xsi:noNamespaceSchemaLocation="https://maven.apache.org/surefire/maven-failsafe-plugin/xsd/failsafe-test-report-3.0.xsd" version="3.0" name="com.ademarli.test.entegrasyon.TodoControllerIT" time="10.441" tests="3" errors="0" skipped="0" failures="0">
  <properties>
[...]
</properties>
  <testcase name="UpdateTodoTest" classname="com.ademarli.test.entegrasyon.TodoControllerIT" time="0.563">
    <system-out><![CDATA[19:29:24.501 [main] INFO org.testcontainers.images.PullPolicy -- Image pull policy will be performed by: DefaultPullPolicy()
19:29:24.508 [main] INFO org.testcontainers.utility.ImageNameSubstitutor -- Image name substitution will be performed by: DefaultImageNameSubstitutor (composite of 'ConfigurationFileImageNameSubstitutor' and 'PrefixingImageNameSubstitutor')
19:29:24.556 [main] INFO org.testcontainers.DockerClientFactory -- Testcontainers version: 1.20.4
19:29:24.783 [main] INFO org.testcontainers.dockerclient.DockerClientProviderStrategy -- Loaded org.testcontainers.dockerclient.NpipeSocketClientProviderStrategy from ~/.testcontainers.properties, will try it first
19:29:25.055 [main] INFO org.testcontainers.dockerclient.DockerClientProviderStrategy -- Found Docker environment with local Npipe socket (npipe:////./pipe/docker_engine)
19:29:25.055 [main] INFO org.testcontainers.DockerClientFactory -- Docker host IP address is localhost
19:29:25.081 [main] INFO org.testcontainers.DockerClientFactory -- Connected to docker: 
  Server Version: 27.2.0
  API Version: 1.47
  Operating System: Docker Desktop
  Total Memory: 7758 MB
  Labels: 
    com.docker.desktop.address=npipe://\\.\pipe\docker_cli
19:29:25.103 [main] INFO tc.testcontainers/ryuk:0.11.0 -- Creating container for image: testcontainers/ryuk:0.11.0
19:29:25.410 [main] INFO tc.testcontainers/ryuk:0.11.0 -- Container testcontainers/ryuk:0.11.0 is starting: a2b05f792a8544216dfeeacac2c8f2e0f320ce06b17f68baf40ae54a247b8349
19:29:25.856 [main] INFO tc.testcontainers/ryuk:0.11.0 -- Container testcontainers/ryuk:0.11.0 started in PT0.7530365S
19:29:25.863 [main] INFO org.testcontainers.utility.RyukResourceReaper -- Ryuk started - will monitor and terminate Testcontainers containers on JVM exit
19:29:25.864 [main] INFO org.testcontainers.DockerClientFactory -- Checking the system...
19:29:25.865 [main] INFO org.testcontainers.DockerClientFactory -- ✔︎ Docker server version should be at least 1.6.0
19:29:25.865 [main] INFO tc.postgres:15-alpine -- Creating container for image: postgres:15-alpine
19:29:25.947 [main] INFO tc.postgres:15-alpine -- Container postgres:15-alpine is starting: e0f047bb616960920dd61aa0d0481d281e5e104bb74b2f61674d110b21953c38
19:29:27.459 [main] INFO tc.postgres:15-alpine -- Container postgres:15-alpine started in PT1.5934517S
19:29:27.460 [main] INFO tc.postgres:15-alpine -- Container is started (JDBC URL: jdbc:postgresql://localhost:56645/testdb?loggerLevel=OFF)
19:29:27.533 [main] INFO org.springframework.test.context.support.AnnotationConfigContextLoaderUtils -- Could not detect default configuration classes for test class [com.ademarli.test.entegrasyon.TodoControllerIT]: TodoControllerIT does not declare any static, non-private, non-final, nested classes annotated with @Configuration.
19:29:27.653 [main] INFO org.springframework.boot.test.context.SpringBootTestContextBootstrapper -- Found @SpringBootConfiguration com.ademarli.test.TestApplication for test class com.ademarli.test.entegrasyon.TodoControllerIT

  .   ____          _            __ _ _
 /\\ / ___'_ __ _ _(_)_ __  __ _ \ \ \ \
( ( )\___ | '_ | '_| | '_ \/ _` | \ \ \ \
 \\/  ___)| |_)| | | | | || (_| |  ) ) ) )
  '  |____| .__|_| |_|_| |_\__, | / / / /
 =========|_|==============|___/=/_/_/_/

 :: Spring Boot ::                (v3.5.7)

2025-11-14T19:29:28.051+03:00  INFO 12284 --- [test] [           main] c.a.test.entegrasyon.TodoControllerIT    : Starting TodoControllerIT using Java 21.0.6 with PID 12284 (started by Adem in C:\Users\Adem\Desktop\test)
2025-11-14T19:29:28.051+03:00  INFO 12284 --- [test] [           main] c.a.test.entegrasyon.TodoControllerIT    : The following 1 profile is active: "test"
2025-11-14T19:29:28.699+03:00  INFO 12284 --- [test] [           main] .s.d.r.c.RepositoryConfigurationDelegate : Bootstrapping Spring Data JPA repositories in DEFAULT mode.
2025-11-14T19:29:28.788+03:00  INFO 12284 --- [test] [           main] .s.d.r.c.RepositoryConfigurationDelegate : Finished Spring Data repository scanning in 72 ms. Found 1 JPA repository interface.
2025-11-14T19:29:30.407+03:00  INFO 12284 --- [test] [           main] o.hibernate.jpa.internal.util.LogHelper  : HHH000204: Processing PersistenceUnitInfo [name: default]
2025-11-14T19:29:30.490+03:00  INFO 12284 --- [test] [           main] org.hibernate.Version                    : HHH000412: Hibernate ORM core version 6.6.33.Final
2025-11-14T19:29:30.540+03:00  INFO 12284 --- [test] [           main] o.h.c.internal.RegionFactoryInitiator    : HHH000026: Second-level cache disabled
2025-11-14T19:29:30.715+03:00  INFO 12284 --- [test] [           main] o.s.o.j.p.SpringPersistenceUnitInfo      : No LoadTimeWeaver setup: ignoring JPA class transformer
2025-11-14T19:29:30.826+03:00  INFO 12284 --- [test] [           main] com.zaxxer.hikari.HikariDataSource       : HikariPool-1 - Starting...
2025-11-14T19:29:31.058+03:00  INFO 12284 --- [test] [           main] com.zaxxer.hikari.pool.HikariPool        : HikariPool-1 - Added connection org.postgresql.jdbc.PgConnection@31028e45
2025-11-14T19:29:31.061+03:00  INFO 12284 --- [test] [           main] com.zaxxer.hikari.HikariDataSource       : HikariPool-1 - Start completed.
2025-11-14T19:29:31.139+03:00  INFO 12284 --- [test] [           main] org.hibernate.orm.connections.pooling    : HHH10001005: Database info:
	Database JDBC URL [Connecting through datasource 'HikariDataSource (HikariPool-1)']
	Database driver: undefined/unknown
	Database version: 15.15
	Autocommit mode: undefined/unknown
	Isolation level: undefined/unknown
	Minimum pool size: undefined/unknown
	Maximum pool size: undefined/unknown
2025-11-14T19:29:32.126+03:00  INFO 12284 --- [test] [           main] o.h.e.t.j.p.i.JtaPlatformInitiator       : HHH000489: No JTA platform available (set 'hibernate.transaction.jta.platform' to enable JTA platform integration)
Hibernate: 
    set client_min_messages = WARNING
Hibernate: 
    drop table if exists todos cascade
Hibernate: 
    create table todos (
        id bigint generated by default as identity,
        description varchar(2000),
        title varchar(255) not null,
        primary key (id)
    )
2025-11-14T19:29:32.158+03:00  INFO 12284 --- [test] [           main] j.LocalContainerEntityManagerFactoryBean : Initialized JPA EntityManagerFactory for persistence unit 'default'
2025-11-14T19:29:33.124+03:00  WARN 12284 --- [test] [           main] JpaBaseConfiguration$JpaWebConfiguration : spring.jpa.open-in-view is enabled by default. Therefore, database queries may be performed during view rendering. Explicitly configure spring.jpa.open-in-view to disable this warning
2025-11-14T19:29:33.681+03:00  INFO 12284 --- [test] [           main] o.s.b.t.m.w.SpringBootMockServletContext : Initializing Spring TestDispatcherServlet ''
2025-11-14T19:29:33.681+03:00  INFO 12284 --- [test] [           main] o.s.t.web.servlet.TestDispatcherServlet  : Initializing Servlet ''
2025-11-14T19:29:33.681+03:00  INFO 12284 --- [test] [           main] o.s.t.web.servlet.TestDispatcherServlet  : Completed initialization in 0 ms
2025-11-14T19:29:33.722+03:00  INFO 12284 --- [test] [           main] c.a.test.entegrasyon.TodoControllerIT    : Started TodoControllerIT in 5.939 seconds (process running for 10.037)
Hibernate: 
    select
        t1_0.id,
        t1_0.description,
        t1_0.title 
    from
        todos t1_0
Hibernate: 
    insert 
    into
        todos
        (description, title) 
    values
        (?, ?)
-----------{"id":1,"title":"title","description":"description"}---------------------------------
Hibernate: 
    select
        t1_0.id,
        t1_0.description,
        t1_0.title 
    from
        todos t1_0 
    where
        t1_0.id=?
-----------{"title":"Updated Title","description":"Updated Description"}---------------------------------
Hibernate: 
    select
        t1_0.id,
        t1_0.description,
        t1_0.title 
    from
        todos t1_0 
    where
        t1_0.id=?
Hibernate: 
    update
        todos 
    set
        description=?,
        title=? 
    where
        id=?
-----------{"id":1,"title":"Updated Title","description":"Updated Description"}---------------------------------
Hibernate: 
    select
        t1_0.id,
        t1_0.description,
        t1_0.title 
    from
        todos t1_0 
    where
        t1_0.id=?
]]></system-out>
    <system-err><![CDATA[Mockito is currently self-attaching to enable the inline-mock-maker. This will no longer work in future releases of the JDK. Please add Mockito as an agent to your build as described in Mockito's documentation: https://javadoc.io/doc/org.mockito/mockito-core/latest/org.mockito/org/mockito/Mockito.html#0.3
WARNING: A Java agent has been loaded dynamically (C:\Users\Adem\.m2\repository\net\bytebuddy\byte-buddy-agent\1.17.8\byte-buddy-agent-1.17.8.jar)
WARNING: If a serviceability tool is in use, please run with -XX:+EnableDynamicAgentLoading to hide this warning
WARNING: If a serviceability tool is not in use, please run with -Djdk.instrument.traceUsage for more information
WARNING: Dynamic loading of agents will be disallowed by default in a future release
]]></system-err>
  </testcase>
  <testcase name="testCreateTodo_ValidationError" classname="com.ademarli.test.entegrasyon.TodoControllerIT" time="0.054">
    <system-out><![CDATA[Hibernate: 
    select
        t1_0.id,
        t1_0.description,
        t1_0.title 
    from
        todos t1_0
Hibernate: 
    delete 
    from
        todos 
    where
        id=?
2025-11-14T19:29:34.354+03:00  WARN 12284 --- [test] [           main] .w.s.m.s.DefaultHandlerExceptionResolver : Resolved [org.springframework.web.bind.MethodArgumentNotValidException: Validation failed for argument [0] in public org.springframework.http.ResponseEntity<com.ademarli.test.dto.TodoDto> com.ademarli.test.controller.TodoController.create(com.ademarli.test.dto.CreateTodoRequest): [Field error in object 'createTodoRequest' on field 'title': rejected value []; codes [NotBlank.createTodoRequest.title,NotBlank.title,NotBlank.java.lang.String,NotBlank]; arguments [org.springframework.context.support.DefaultMessageSourceResolvable: codes [createTodoRequest.title,title]; arguments []; default message [title]]; default message [must not be blank]] ]
Hibernate: 
    select
        t1_0.id,
        t1_0.description,
        t1_0.title 
    from
        todos t1_0
]]></system-out>
  </testcase>
  <testcase name="testCreateTodo" classname="com.ademarli.test.entegrasyon.TodoControllerIT" time="0.068">
    <system-out><![CDATA[Hibernate: 
    select
        t1_0.id,
        t1_0.description,
        t1_0.title 
    from
        todos t1_0
Hibernate: 
    insert 
    into
        todos
        (description, title) 
    values
        (?, ?)
Hibernate: 
    select
        t1_0.id,
        t1_0.description,
        t1_0.title 
    from
        todos t1_0 
    where
        t1_0.title=?
]]></system-out>
  </testcase>
</testsuite>